C51 COMPILER V9.60.0.0   MAIN                                                              04/28/2023 21:13:52 PAGE 1   


C51 COMPILER V9.60.0.0, COMPILATION OF MODULE MAIN
OBJECT MODULE PLACED IN .\Objects\main.obj
COMPILER INVOKED BY: C:\Keil_v5\C51\BIN\C51.EXE main.c OPTIMIZE(8,SPEED) BROWSE DEBUG OBJECTEXTEND PRINT(.\Listings\main
                    -.lst) TABS(2) OBJECT(.\Objects\main.obj)

line level    source

   1          #include "main.h"
   2          #include "..\library\delay.h"
   3          
   4          unsigned char ADC_Read();
   5          
   6          void main()
   7          { unsigned char adc_value;
   8   1        unsigned int voltage;
   9   1        
  10   1        
  11   1        while(1)
  12   1        {
  13   2          adc_value=ADC_Read();
  14   2          voltage=adc_value*1.953125f;
  15   2          // 0.00-5.00 V
  16   2          //0-500v
  17   2        }
  18   1      }
  19          unsigned char ADC_Read()
  20          {
  21   1          P2=255;
  22   1        while(P3_0)
  23   1        {
  24   2          P2--;
  25   2          if(P2==0) break;
  26   2        }
  27   1        return P2;
  28   1      }


MODULE INFORMATION:   STATIC OVERLAYABLE
   CODE SIZE        =     46    ----
   CONSTANT SIZE    =   ----    ----
   XDATA SIZE       =   ----    ----
   PDATA SIZE       =   ----    ----
   DATA SIZE        =   ----       3
   IDATA SIZE       =   ----    ----
   BIT SIZE         =   ----    ----
END OF MODULE INFORMATION.


C51 COMPILATION COMPLETE.  0 WARNING(S),  0 ERROR(S)
