C51 COMPILER V9.60.0.0   MAIN                                                              04/14/2023 22:44:17 PAGE 1   


C51 COMPILER V9.60.0.0, COMPILATION OF MODULE MAIN
OBJECT MODULE PLACED IN .\Objects\main.obj
COMPILER INVOKED BY: C:\Keil_v5\C51\BIN\C51.EXE main.c OPTIMIZE(8,SPEED) BROWSE DEBUG OBJECTEXTEND PRINT(.\Listings\main
                    -.lst) TABS(2) OBJECT(.\Objects\main.obj)

line level    source

   1          #include "main.h"
   2          #include "..\library\delay.h"
   3            sbit BTN=P1^0;
   4          #define LED P2
   5          
   6          bit keybreak=0;
   7          unsigned char delayvakiemtranut()
   8            {
   9   1          unsigned char i;
  10   1          for(i=0;i<50;i++)
  11   1          {
  12   2            delay_ms(10);
  13   2            if(BTN==0)
  14   2            { if(keybreak==0)
  15   3              {
  16   4                
  17   4                keybreak=1;
  18   4                return 1;
  19   4            }
  20   3            else { 
  21   4            keybreak=0; 
  22   4            }
  23   3          }
  24   2        }
  25   1          return 0;
  26   1      }
  27            void main(){
  28   1          unsigned char i;
  29   1          
  30   1      while(1){
  31   2          LED=0X00;
  32   2        for (i=0;i<20;i++){
  33   3            if(delayvakiemtranut())
  34   3            break;
  35   3          LED = ~ LED;
  36   3        }
  37   2        for(i=0;i<20;i++)
  38   2        {
  39   3            LED=0x55;
  40   3        if(delayvakiemtranut())
  41   3            break;
  42   3          LED = ~ LED;
  43   3        }
  44   2        LED=0x0F;
  45   2        for (i=0;i<20;i++){
  46   3      if(delayvakiemtranut())
  47   3            break;
  48   3          LED = ~LED;
  49   3        }
  50   2      }
  51   1      }


MODULE INFORMATION:   STATIC OVERLAYABLE
C51 COMPILER V9.60.0.0   MAIN                                                              04/14/2023 22:44:17 PAGE 2   

   CODE SIZE        =    130    ----
   CONSTANT SIZE    =   ----    ----
   XDATA SIZE       =   ----    ----
   PDATA SIZE       =   ----    ----
   DATA SIZE        =   ----       2
   IDATA SIZE       =   ----    ----
   BIT SIZE         =      1    ----
END OF MODULE INFORMATION.


C51 COMPILATION COMPLETE.  0 WARNING(S),  0 ERROR(S)
