C51 COMPILER V9.60.0.0   MAIN                                                              04/26/2023 23:49:53 PAGE 1   


C51 COMPILER V9.60.0.0, COMPILATION OF MODULE MAIN
OBJECT MODULE PLACED IN .\Objects\main.obj
COMPILER INVOKED BY: C:\Keil_v5\C51\BIN\C51.EXE main.c OPTIMIZE(8,SPEED) BROWSE DEBUG OBJECTEXTEND PRINT(.\Listings\main
                    -.lst) TABS(2) OBJECT(.\Objects\main.obj)

line level    source

   1          #include "main.h"
   2          #include <stdio.h>
   3          void main()
   4          { 
   5   1        // KHOI tao timer2 phat xung 38kHz
   6   1        T2CON=0x00;
   7   1        T2MOD=0x02;
   8   1        
   9   1        RCAP2H=0xFF;
  10   1        RCAP2L=0xB1;
  11   1        TH2=0xFF;
  12   1        TL2=0xB1;
  13   1        TR2=1;
  14   1        
  15   1        //khoi tao uart mode 1 1200 baud
  16   1        SCON=0x50; // uart 8 bit toc do baud dat boi timer1
  17   1        TMOD=0x20; // timer 1 mode 2
  18   1        
  19   1        TH1=0xE8; // toc do baud 1200;
  20   1        TR1=1;    // timer 1 chay
  21   1        TI=1;   //san sang gui tin hieu
  22   1        
  23   1      printf("HEllo \n");
  24   1        while(1)
  25   1        {
  26   2      
  27   2        }
  28   1      }
  29          


MODULE INFORMATION:   STATIC OVERLAYABLE
   CODE SIZE        =     44    ----
   CONSTANT SIZE    =      8    ----
   XDATA SIZE       =   ----    ----
   PDATA SIZE       =   ----    ----
   DATA SIZE        =   ----    ----
   IDATA SIZE       =   ----    ----
   BIT SIZE         =   ----    ----
END OF MODULE INFORMATION.


C51 COMPILATION COMPLETE.  0 WARNING(S),  0 ERROR(S)
