C51 COMPILER V9.60.0.0   MAIN                                                              04/17/2023 23:31:36 PAGE 1   


C51 COMPILER V9.60.0.0, COMPILATION OF MODULE MAIN
OBJECT MODULE PLACED IN .\Objects\main.obj
COMPILER INVOKED BY: C:\Keil_v5\C51\BIN\C51.EXE main.c OPTIMIZE(8,SPEED) BROWSE DEBUG OBJECTEXTEND PRINT(.\Listings\main
                    -.lst) TABS(2) OBJECT(.\Objects\main.obj)

line level    source

   1          #include "main.h"
   2          #include "..\library\delay.h"
   3          #include "..\library\74595.h"
   4          unsigned char code code7seg[]={0xC0,0xF9,0xA4,0xB0,0x99,0x92,0x82,0xF8,0x80,0x90};
   5          void main(){
   6   1        unsigned char i;
   7   1        unsigned char buffer[2];
   8   1      while(1){
   9   2              for(i=0;i<=99;i++)
  10   2                {   
  11   3                  buffer[0]=code7seg[i/10];
  12   3                  buffer[1]=code7seg[i%10];
  13   3                    IE74595_OUT(buffer,2);
  14   3                    delay_ms(300);
  15   3                }
  16   2              }
  17   1      }


MODULE INFORMATION:   STATIC OVERLAYABLE
   CODE SIZE        =     59    ----
   CONSTANT SIZE    =     10    ----
   XDATA SIZE       =   ----    ----
   PDATA SIZE       =   ----    ----
   DATA SIZE        =   ----       3
   IDATA SIZE       =   ----    ----
   BIT SIZE         =   ----    ----
END OF MODULE INFORMATION.


C51 COMPILATION COMPLETE.  0 WARNING(S),  0 ERROR(S)
