C51 COMPILER V9.60.0.0   MAIN                                                              05/08/2023 20:02:10 PAGE 1   


C51 COMPILER V9.60.0.0, COMPILATION OF MODULE MAIN
OBJECT MODULE PLACED IN .\Objects\main.obj
COMPILER INVOKED BY: C:\Keil_v5\C51\BIN\C51.EXE main.c OPTIMIZE(8,SPEED) BROWSE DEBUG OBJECTEXTEND PRINT(.\Listings\main
                    -.lst) TABS(2) OBJECT(.\Objects\main.obj)

line level    source

   1          #include <REGX52.H>
   2          
   3          sbit led= P0^0; // dat ten cho chan p0^0 la led
   4          void delay_ms(unsigned int t)
   5          {
   6   1        unsigned int x,y;
   7   1        for (x=0 ;x<t;x++)
   8   1        {
   9   2          for (y=0;y<123;y++); //delay 1ms
  10   2          }
  11   1        }
  12          void main ()
  13          {
  14   1        while (1)
  15   1        {
  16   2          led=!led; /// dao trang thai led
  17   2          delay_ms(500); /// là delay do
  18   2        }
  19   1      }
  20              


MODULE INFORMATION:   STATIC OVERLAYABLE
   CODE SIZE        =     43    ----
   CONSTANT SIZE    =   ----    ----
   XDATA SIZE       =   ----    ----
   PDATA SIZE       =   ----    ----
   DATA SIZE        =   ----    ----
   IDATA SIZE       =   ----    ----
   BIT SIZE         =   ----    ----
END OF MODULE INFORMATION.


C51 COMPILATION COMPLETE.  0 WARNING(S),  0 ERROR(S)
