C51 COMPILER V9.60.0.0   MAIN                                                              04/22/2023 23:10:19 PAGE 1   


C51 COMPILER V9.60.0.0, COMPILATION OF MODULE MAIN
OBJECT MODULE PLACED IN .\Objects\main.obj
COMPILER INVOKED BY: C:\Keil_v5\C51\BIN\C51.EXE main.c OPTIMIZE(8,SPEED) BROWSE DEBUG OBJECTEXTEND PRINT(.\Listings\main
                    -.lst) TABS(2) OBJECT(.\Objects\main.obj)

line level    source

   1          #include "main.h"
   2          
   3          void main()
   4          { unsigned char b;
   5   1        SM0=SM1=0;
   6   1        REN=1;
   7   1        P1_0=0;
   8   1        while(1)
   9   1        {
  10   2            P3_2=0;
  11   2            P3_2=1;
  12   2          
  13   2            RI=0;
  14   2            while(RI==0);
  15   2            b=SBUF;
  16   2          
  17   2            if((b&0x02)==0)
  18   2            {
  19   3                P1_0=1;
  20   3            }     
  21   2            if((b&0x01)==0)
  22   2            {
  23   3                P1_0=0;
  24   3            }             
  25   2        }
  26   1      }


MODULE INFORMATION:   STATIC OVERLAYABLE
   CODE SIZE        =     35    ----
   CONSTANT SIZE    =   ----    ----
   XDATA SIZE       =   ----    ----
   PDATA SIZE       =   ----    ----
   DATA SIZE        =   ----    ----
   IDATA SIZE       =   ----    ----
   BIT SIZE         =   ----    ----
END OF MODULE INFORMATION.


C51 COMPILATION COMPLETE.  0 WARNING(S),  0 ERROR(S)
