C51 COMPILER V9.60.0.0   MAIN                                                              04/10/2023 22:22:34 PAGE 1   


C51 COMPILER V9.60.0.0, COMPILATION OF MODULE MAIN
OBJECT MODULE PLACED IN .\Objects\main.obj
COMPILER INVOKED BY: C:\Keil_v5\C51\BIN\C51.EXE main.c OPTIMIZE(8,SPEED) BROWSE DEBUG OBJECTEXTEND PRINT(.\Listings\main
                    -.lst) TABS(2) OBJECT(.\Objects\main.obj)

line level    source

   1          #include <REGX52.H>
   2          void delay_ms(unsigned int t)
   3          { unsigned int x,y;
   4   1        for (x=0;x<t;x++){
   5   2        for(y=0;y<123;y++);
   6   2        }
   7   1      }
   8          void main(){
   9   1        unsigned char i;
  10   1        
  11   1          while(1)
  12   1          { 
  13   2            P0=0x03;
  14   2            for ( i=0;i<4;i++)
  15   2            {
  16   3            delay_ms(300);
  17   3          P0<<=2;
  18   3        }
  19   2      }}
  20              
  21            
  22            


MODULE INFORMATION:   STATIC OVERLAYABLE
   CODE SIZE        =     65    ----
   CONSTANT SIZE    =   ----    ----
   XDATA SIZE       =   ----    ----
   PDATA SIZE       =   ----    ----
   DATA SIZE        =   ----    ----
   IDATA SIZE       =   ----    ----
   BIT SIZE         =   ----    ----
END OF MODULE INFORMATION.


C51 COMPILATION COMPLETE.  0 WARNING(S),  0 ERROR(S)
