C51 COMPILER V9.60.0.0   MAIN                                                              04/23/2023 20:00:34 PAGE 1   


C51 COMPILER V9.60.0.0, COMPILATION OF MODULE MAIN
OBJECT MODULE PLACED IN .\Objects\main.obj
COMPILER INVOKED BY: C:\Keil_v5\C51\BIN\C51.EXE main.c OMF2 OPTIMIZE(8,SPEED) BROWSE DEBUG PRINT(.\Listings\main.lst) TA
                    -BS(2) OBJECT(.\Objects\main.obj)

line level    source

   1          #include "main.h"
   2          #include "..\library\delay.h"
   3          #include "..\library\uartmode1.h"
   4          void uart_init()
   5          {
   6   1        SM0=0;
   7   1        SM1=1;// uart mode 1
   8   1        TMOD=0x20;  ///0010 xxxx timer 1 hoat dong o che do 8 bit tu dong lap lai
   9   1        TH1=0xFD;// toc do baud 9600
  10   1        TR1=1; //timer 1 bat dau chay;
  11   1        TI=1;   // san sang gui du lieu
  12   1        REN=1;  // cho phep nhan du lieu
  13   1      }
  14          void uart_write(char c)
  15          {
  16   1          while(TI==0);
  17   1            TI=0;
  18   1            SBUF=c;
  19   1      }
  20          char uart_data_ready()
  21          {
  22   1        return RI;
  23   1      }
  24          char uart_read()
  25          {
  26   1        RI=0;
  27   1        return SBUF;
  28   1      }
  29          void uart_write_text(char *str)
  30          { 
  31   1        unsigned char i=0;
  32   1        while(str[i]!=0)
  33   1        {
  34   2          uart_write(str[i]);
  35   2          i++;
  36   2        }
  37   1      }
  38          void main()
  39          {
  40   1        char i;
  41   1        uart_init();
  42   1        // khoi tao uart o mode 1
  43   1        while(1)
  44   1        {
  45   2          uart_write_text("nhap vao ki tu in thuong :");
  46   2          while(uart_data_ready()==0);
  47   2          i=uart_read();
  48   2          i=i-32;
  49   2          uart_write_text("-->");
  50   2          uart_write(i);
  51   2          uart_write_text("\r\n");
  52   2          
  53   2        }
  54   1      }
C51 COMPILER V9.60.0.0   MAIN                                                              04/23/2023 20:00:34 PAGE 2   



MODULE INFORMATION:   STATIC OVERLAYABLE
   CODE SIZE        =    129    ----
   CONSTANT SIZE    =     34    ----
   XDATA SIZE       =   ----    ----
   PDATA SIZE       =   ----    ----
   DATA SIZE        =   ----       3
   IDATA SIZE       =   ----    ----
   BIT SIZE         =   ----    ----
   EDATA SIZE       =   ----    ----
   HDATA SIZE       =   ----    ----
   XDATA CONST SIZE =   ----    ----
   FAR CONST SIZE   =   ----    ----
END OF MODULE INFORMATION.


C51 COMPILATION COMPLETE.  0 WARNING(S),  0 ERROR(S)
