C51 COMPILER V9.60.0.0   MAIN                                                              04/22/2023 22:41:20 PAGE 1   


C51 COMPILER V9.60.0.0, COMPILATION OF MODULE MAIN
OBJECT MODULE PLACED IN .\Objects\main.obj
COMPILER INVOKED BY: C:\Keil_v5\C51\BIN\C51.EXE main.c OPTIMIZE(8,SPEED) BROWSE DEBUG OBJECTEXTEND PRINT(.\Listings\main
                    -.lst) TABS(2) OBJECT(.\Objects\main.obj)

line level    source

   1          #include "main.h"
   2          #include "..\library\delay.h"
   3          void uart_mode0_write (unsigned char b)
   4          {
   5   1        SBUF=b;
   6   1        while (TI==0);
   7   1        TI=0;
   8   1        
   9   1        P3_2=0;
  10   1        P3_2=1;
  11   1      }
  12          void main()
  13          {   
  14   1        unsigned char i;
  15   1        SM0=SM1=0;
  16   1        while(1)
  17   1          {   for(i=0;i<3;i++)
  18   2            {
  19   3            uart_mode0_write(0x55);
  20   3            delay_ms(500);
  21   3            uart_mode0_write(0xAA);
  22   3            delay_ms(500);
  23   3            }
  24   2        }
  25   1      }


MODULE INFORMATION:   STATIC OVERLAYABLE
   CODE SIZE        =     58    ----
   CONSTANT SIZE    =   ----    ----
   XDATA SIZE       =   ----    ----
   PDATA SIZE       =   ----    ----
   DATA SIZE        =   ----       1
   IDATA SIZE       =   ----    ----
   BIT SIZE         =   ----    ----
END OF MODULE INFORMATION.


C51 COMPILATION COMPLETE.  0 WARNING(S),  0 ERROR(S)
