C51 COMPILER V9.60.0.0   MAIN                                                              04/10/2023 21:49:11 PAGE 1   


C51 COMPILER V9.60.0.0, COMPILATION OF MODULE MAIN
OBJECT MODULE PLACED IN .\Objects\main.obj
COMPILER INVOKED BY: C:\Keil_v5\C51\BIN\C51.EXE main.c OPTIMIZE(8,SPEED) BROWSE DEBUG OBJECTEXTEND PRINT(.\Listings\main
                    -.lst) TABS(2) OBJECT(.\Objects\main.obj)

line level    source

   1          #include <REGX52.H>
   2          void delay_ms(unsigned int t)
   3          {
   4   1        unsigned int x,y;
   5   1        for(x=1;x<t;x++){
   6   2          for (y=1;y<123;y++);
   7   2        }
   8   1      }
   9          void main(){
  10   1        P0=0xAA;
  11   1        while(1){
  12   2          P0=~P0;
  13   2          delay_ms(500);
  14   2        }
  15   1      }


MODULE INFORMATION:   STATIC OVERLAYABLE
   CODE SIZE        =     49    ----
   CONSTANT SIZE    =   ----    ----
   XDATA SIZE       =   ----    ----
   PDATA SIZE       =   ----    ----
   DATA SIZE        =   ----    ----
   IDATA SIZE       =   ----    ----
   BIT SIZE         =   ----    ----
END OF MODULE INFORMATION.


C51 COMPILATION COMPLETE.  0 WARNING(S),  0 ERROR(S)
