C51 COMPILER V9.60.0.0   MAIN                                                              04/23/2023 20:58:55 PAGE 1   


C51 COMPILER V9.60.0.0, COMPILATION OF MODULE MAIN
OBJECT MODULE PLACED IN .\Objects\main.obj
COMPILER INVOKED BY: C:\Keil_v5\C51\BIN\C51.EXE main.c OMF2 OPTIMIZE(8,SPEED) BROWSE DEBUG PRINT(.\Listings\main.lst) TA
                    -BS(2) OBJECT(.\Objects\main.obj)

line level    source

   1          #include "main.h"
   2          #include <stdio.h>
   3          #include "..\library\uartmode1.h"
   4          void main()
   5          { 
   6   1        char c;
   7   1        uart_init();
   8   1        
   9   1        printf("pi=%.2f\r\n", 3.14f);
  10   1        while(1)
  11   1        {   
  12   2          uart_write_text ("nhap vao 1 ki tu: ");
  13   2            c=_getkey();
  14   2          putchar(c-32);
  15   2          putchar('\r');
  16   2          putchar('\n');
  17   2        }
  18   1      }


MODULE INFORMATION:   STATIC OVERLAYABLE
   CODE SIZE        =     58    ----
   CONSTANT SIZE    =     29    ----
   XDATA SIZE       =   ----    ----
   PDATA SIZE       =   ----    ----
   DATA SIZE        =   ----       1
   IDATA SIZE       =   ----    ----
   BIT SIZE         =   ----    ----
   EDATA SIZE       =   ----    ----
   HDATA SIZE       =   ----    ----
   XDATA CONST SIZE =   ----    ----
   FAR CONST SIZE   =   ----    ----
END OF MODULE INFORMATION.


C51 COMPILATION COMPLETE.  0 WARNING(S),  0 ERROR(S)
