C51 COMPILER V9.60.0.0   MAIN                                                              04/25/2023 23:33:42 PAGE 1   


C51 COMPILER V9.60.0.0, COMPILATION OF MODULE MAIN
OBJECT MODULE PLACED IN .\Objects\main.obj
COMPILER INVOKED BY: C:\Keil_v5\C51\BIN\C51.EXE main.c OPTIMIZE(8,SPEED) BROWSE DEBUG OBJECTEXTEND PRINT(.\Listings\main
                    -.lst) TABS(2) OBJECT(.\Objects\main.obj)

line level    source

   1          #include "main.h"
   2          void delaytimer2_1s()
   3          {
   4   1        unsigned char i;
   5   1        TR2=1;
   6   1        for(i=0;i<20;i++)
   7   1        { 
   8   2          while (!TF2);
   9   2          TF2=0;
  10   2        }
  11   1        TR2=0;
  12   1      }
  13          void main()
  14          { // dat timer2 tu dong nap lai mode 16 bit
  15   1        T2CON=0x00;
  16   1        T2MOD=0x00;
  17   1        RCAP2H=0x3C;
  18   1        RCAP2L=0XB0;
  19   1        
  20   1        TH2=0X3C;
  21   1        TL2=0xB0;
  22   1        while(1)
  23   1        {
  24   2          P2=~P2;
  25   2          delaytimer2_1s();
  26   2        }
  27   1      }


MODULE INFORMATION:   STATIC OVERLAYABLE
   CODE SIZE        =     50    ----
   CONSTANT SIZE    =   ----    ----
   XDATA SIZE       =   ----    ----
   PDATA SIZE       =   ----    ----
   DATA SIZE        =   ----    ----
   IDATA SIZE       =   ----    ----
   BIT SIZE         =   ----    ----
END OF MODULE INFORMATION.


C51 COMPILATION COMPLETE.  0 WARNING(S),  0 ERROR(S)
