C51 COMPILER V9.60.0.0   ADC0804                                                           04/28/2023 22:56:35 PAGE 1   


C51 COMPILER V9.60.0.0, COMPILATION OF MODULE ADC0804
OBJECT MODULE PLACED IN .\Objects\ADC0804.obj
COMPILER INVOKED BY: C:\Keil_v5\C51\BIN\C51.EXE ..\Library\ADC0804.c OPTIMIZE(8,SPEED) BROWSE DEBUG OBJECTEXTEND PRINT(.
                    -\Listings\ADC0804.lst) TABS(2) OBJECT(.\Objects\ADC0804.obj)

line level    source

   1          #include "main.h"
   2          #include  "ADC0804.h"
   3          #include "PORT.h"
   4          unsigned char ADC0804_Read()
   5          { 
   6   1        unsigned char kq;
   7   1          ADC0804_CS=0;
   8   1      
   9   1        ADC0804_WR=0;
  10   1        ADC0804_WR=1;
  11   1        
  12   1        while(ADC0804_INTR)
  13   1        ADC0804_RD=0;
  14   1        kq=ADC0804_DATA;
  15   1        ADC0804_RD=1;
  16   1        return kq;
  17   1        
  18   1      }


MODULE INFORMATION:   STATIC OVERLAYABLE
   CODE SIZE        =     18    ----
   CONSTANT SIZE    =   ----    ----
   XDATA SIZE       =   ----    ----
   PDATA SIZE       =   ----    ----
   DATA SIZE        =   ----    ----
   IDATA SIZE       =   ----    ----
   BIT SIZE         =   ----    ----
END OF MODULE INFORMATION.


C51 COMPILATION COMPLETE.  0 WARNING(S),  0 ERROR(S)
