C51 COMPILER V9.60.0.0   MAIN                                                              04/23/2023 20:35:22 PAGE 1   


C51 COMPILER V9.60.0.0, COMPILATION OF MODULE MAIN
OBJECT MODULE PLACED IN .\Objects\main.obj
COMPILER INVOKED BY: C:\Keil_v5\C51\BIN\C51.EXE main.c OMF2 OPTIMIZE(8,SPEED) BROWSE DEBUG PRINT(.\Listings\main.lst) TA
                    -BS(2) OBJECT(.\Objects\main.obj)

line level    source

   1          #include "main.h"
   2          #include "..\library\uartmode1.h"
   3          void main()
   4          { 
   5   1        P1_0=0;
   6   1        uart_init();
   7   1        while(1)
   8   1        {
   9   2          if(uart_data_ready())
  10   2          {
  11   3              if(uart_read()==0x01)
  12   3              {
  13   4                  P1_0=1;
  14   4              }
  15   3              else 
  16   3              {
  17   4                  P1_0=0;
  18   4              }
  19   3          }
  20   2        }
  21   1      }


MODULE INFORMATION:   STATIC OVERLAYABLE
   CODE SIZE        =     33    ----
   CONSTANT SIZE    =   ----    ----
   XDATA SIZE       =   ----    ----
   PDATA SIZE       =   ----    ----
   DATA SIZE        =   ----    ----
   IDATA SIZE       =   ----    ----
   BIT SIZE         =   ----    ----
   EDATA SIZE       =   ----    ----
   HDATA SIZE       =   ----    ----
   XDATA CONST SIZE =   ----    ----
   FAR CONST SIZE   =   ----    ----
END OF MODULE INFORMATION.


C51 COMPILATION COMPLETE.  0 WARNING(S),  0 ERROR(S)
