C51 COMPILER V9.60.0.0   MAIN                                                              04/24/2023 23:37:19 PAGE 1   


C51 COMPILER V9.60.0.0, COMPILATION OF MODULE MAIN
OBJECT MODULE PLACED IN .\Objects\main.obj
COMPILER INVOKED BY: C:\Keil_v5\C51\BIN\C51.EXE main.c OPTIMIZE(8,SPEED) BROWSE DEBUG OBJECTEXTEND PRINT(.\Listings\main
                    -.lst) TABS(2) OBJECT(.\Objects\main.obj)

line level    source

   1          #include "main.h"
   2          #include <stdio.h>
   3          void main()
   4          {
   5   1        unsigned char cmd;
   6   1        SCON=0x50;
   7   1        TMOD=0x20;
   8   1        TH1=0xFD;
   9   1        TR1=1;
  10   1        TI=1;
  11   1        while(1)
  12   1        {
  13   2          cmd=_getkey();
  14   2          
  15   2          P2=~cmd;
  16   2        }
  17   1      }


MODULE INFORMATION:   STATIC OVERLAYABLE
   CODE SIZE        =     22    ----
   CONSTANT SIZE    =   ----    ----
   XDATA SIZE       =   ----    ----
   PDATA SIZE       =   ----    ----
   DATA SIZE        =   ----    ----
   IDATA SIZE       =   ----    ----
   BIT SIZE         =   ----    ----
END OF MODULE INFORMATION.


C51 COMPILATION COMPLETE.  0 WARNING(S),  0 ERROR(S)
