C51 COMPILER V9.60.0.0   MAIN                                                              04/26/2023 22:33:32 PAGE 1   


C51 COMPILER V9.60.0.0, COMPILATION OF MODULE MAIN
OBJECT MODULE PLACED IN .\Objects\main.obj
COMPILER INVOKED BY: C:\Keil_v5\C51\BIN\C51.EXE main.c OPTIMIZE(8,SPEED) BROWSE DEBUG OBJECTEXTEND PRINT(.\Listings\main
                    -.lst) TABS(2) OBJECT(.\Objects\main.obj)

line level    source

   1          #include "main.h"
   2          #include "..\library\delay.h"
   3          
   4          void guibit(bit b)
   5          {
   6   1        if (b)
   7   1        {
   8   2          TR2=1;
   9   2          delay_ms(1);
  10   2          TR2=0;
  11   2          P1_0=1;
  12   2          delay_ms(3);
  13   2        }
  14   1        else 
  15   1        {
  16   2          TR2=1;
  17   2          delay_ms(3);
  18   2          TR2=0;
  19   2          P1_0=1;
  20   2          delay_ms(31);
  21   2        }
  22   1      }
  23          void guibyte(unsigned char b)
  24          {
  25   1        unsigned char i;
  26   1        for(i=0;i<8;i++)
  27   1        {
  28   2          guibit(b&0x80);
  29   2          b<<=1;
  30   2        }
  31   1          
  32   1      }
  33          
  34          void main()
  35          { 
  36   1        unsigned char cnt=0;
  37   1        T2CON=0X00;
  38   1        T2MOD=0X02;
  39   1        
  40   1        RCAP2H=0XFF;
  41   1        RCAP2L=0XB1;
  42   1        TH2=0XFF;
  43   1        TL2=0XB1;
  44   1        
  45   1        while(1)
  46   1        {
  47   2            guibyte(cnt);
  48   2          cnt++;
  49   2          delay_ms(200);
  50   2        }
  51   1      }


MODULE INFORMATION:   STATIC OVERLAYABLE
C51 COMPILER V9.60.0.0   MAIN                                                              04/26/2023 22:33:32 PAGE 2   

   CODE SIZE        =    112    ----
   CONSTANT SIZE    =   ----    ----
   XDATA SIZE       =   ----    ----
   PDATA SIZE       =   ----    ----
   DATA SIZE        =   ----       3
   IDATA SIZE       =   ----    ----
   BIT SIZE         =   ----       1
END OF MODULE INFORMATION.


C51 COMPILATION COMPLETE.  0 WARNING(S),  0 ERROR(S)
