C51 COMPILER V9.60.0.0   MAIN                                                              04/17/2023 20:51:17 PAGE 1   


C51 COMPILER V9.60.0.0, COMPILATION OF MODULE MAIN
OBJECT MODULE PLACED IN .\Objects\main.obj
COMPILER INVOKED BY: C:\Keil_v5\C51\BIN\C51.EXE main.c OPTIMIZE(8,SPEED) BROWSE DEBUG OBJECTEXTEND PRINT(.\Listings\main
                    -.lst) TABS(2) OBJECT(.\Objects\main.obj)

line level    source

   1          #include "main.h"
   2          #include "../library/delay.h"
   3          #include "../library/keypad4x4.h"
   4          #include "port.h"
   5          unsigned char code code7seg[]={0xC0,0xF9,0xA4,0xB0,0x99,0x92,0x82,0xF8,0x80,0x90};
   6          
   7            void main()
   8          {   unsigned char key,tmp;
   9   1          while(1)
  10   1          {
  11   2              key=keypress();
  12   2            if(key!=0)
  13   2            {
  14   3                  tmp=key;
  15   3            }
  16   2            
  17   2            LED=code7seg[tmp/10];
  18   2            led1=0;
  19   2            delay_ms(1);
  20   2            led1=1;
  21   2            
  22   2            LED=code7seg[tmp%10];
  23   2            led2=0;
  24   2            delay_ms(1);
  25   2            led2=1;
  26   2          }
  27   1      }


MODULE INFORMATION:   STATIC OVERLAYABLE
   CODE SIZE        =     58    ----
   CONSTANT SIZE    =     10    ----
   XDATA SIZE       =   ----    ----
   PDATA SIZE       =   ----    ----
   DATA SIZE        =   ----       1
   IDATA SIZE       =   ----    ----
   BIT SIZE         =   ----    ----
END OF MODULE INFORMATION.


C51 COMPILATION COMPLETE.  0 WARNING(S),  0 ERROR(S)
