C51 COMPILER V9.60.0.0   MAIN                                                              04/28/2023 22:56:35 PAGE 1   


C51 COMPILER V9.60.0.0, COMPILATION OF MODULE MAIN
OBJECT MODULE PLACED IN .\Objects\main.obj
COMPILER INVOKED BY: C:\Keil_v5\C51\BIN\C51.EXE main.c OPTIMIZE(8,SPEED) BROWSE DEBUG OBJECTEXTEND PRINT(.\Listings\main
                    -.lst) TABS(2) OBJECT(.\Objects\main.obj)

line level    source

   1          #include "main.h"
   2          #include "..\library\delay.h"
   3          #include "..\library\ADC0804.h"
   4          #define ADC0804_DATA P2
   5          sbit ADC0804_CS=P3^0;
   6          sbit ADC0804_RD=P3^1;
   7          sbit ADC0804_WR=P3^2;
   8          sbit ADC0804_INTR=P3^3;
   9          
  10          
  11          void main()
  12          { unsigned char adc_value;
  13   1        unsigned int voltage;
  14   1        
  15   1        
  16   1        while(1)
  17   1        {
  18   2          adc_value=ADC0804_Read;
  19   2          voltage=adc_value+19.61f;
  20   2          delay_ms(500);
  21   2        }
  22   1      }


MODULE INFORMATION:   STATIC OVERLAYABLE
   CODE SIZE        =     36    ----
   CONSTANT SIZE    =   ----    ----
   XDATA SIZE       =   ----    ----
   PDATA SIZE       =   ----    ----
   DATA SIZE        =   ----       3
   IDATA SIZE       =   ----    ----
   BIT SIZE         =   ----    ----
END OF MODULE INFORMATION.


C51 COMPILATION COMPLETE.  0 WARNING(S),  0 ERROR(S)
