C51 COMPILER V9.60.0.0   MAIN                                                              04/18/2023 22:29:40 PAGE 1   


C51 COMPILER V9.60.0.0, COMPILATION OF MODULE MAIN
OBJECT MODULE PLACED IN .\Objects\main.obj
COMPILER INVOKED BY: C:\Keil_v5\C51\BIN\C51.EXE main.c OPTIMIZE(8,SPEED) BROWSE DEBUG OBJECTEXTEND PRINT(.\Listings\main
                    -.lst) TABS(2) OBJECT(.\Objects\main.obj)

line level    source

   1          #include "main.h"
   2          #include "..\library\delay.h"
   3          unsigned char code code7seg[]={0xC0,0xF9,0xA4,0xB0,0x99,0x92,0x82,0xF8,0x80,0x90};
   4          sbit le1=P2^0;
   5          sbit le2=P2^1;
   6          
   7          void main()
   8          {  unsigned char i;
   9   1          le1=le2=0;
  10   1      while(1)
  11   1        {
  12   2            for(i=0;i<100;i++)
  13   2          {
  14   3            P0=code7seg[i/10];
  15   3            le1=1;
  16   3            le1=0;
  17   3            
  18   3            P0=code7seg[i%10];
  19   3            le2=1;
  20   3            le2=0;
  21   3            
  22   3            delay_ms(300);
  23   3          }
  24   2        } 
  25   1      }


MODULE INFORMATION:   STATIC OVERLAYABLE
   CODE SIZE        =     60    ----
   CONSTANT SIZE    =     10    ----
   XDATA SIZE       =   ----    ----
   PDATA SIZE       =   ----    ----
   DATA SIZE        =   ----       1
   IDATA SIZE       =   ----    ----
   BIT SIZE         =   ----    ----
END OF MODULE INFORMATION.


C51 COMPILATION COMPLETE.  0 WARNING(S),  0 ERROR(S)
