C51 COMPILER V9.60.0.0   DELAY                                                             04/23/2023 20:26:37 PAGE 1   


C51 COMPILER V9.60.0.0, COMPILATION OF MODULE DELAY
OBJECT MODULE PLACED IN .\Objects\delay.obj
COMPILER INVOKED BY: C:\Keil_v5\C51\BIN\C51.EXE ..\Library\delay.c OMF2 OPTIMIZE(8,SPEED) BROWSE DEBUG PRINT(.\Listings\
                    -delay.lst) TABS(2) OBJECT(.\Objects\delay.obj)

line level    source

   1          #include "delay.h"
   2          #include "main.h"
   3          
   4          #if (FREQ_OSC ==12000000)
              void delay_ms(unsigned int t)
                  {
                    unsigned int x,y;
                    for (x=0 ;x<t;x++)
                    {
                      for (y=0;y<123;y++); //delay 1ms
                      }}
              #elif (FREQ_OSC ==11059200)
  13                  void delay_ms(unsigned int t)
  14              {
  15   1            unsigned int x,y;
  16   1            for (x=0 ;x<t;x++)
  17   1            {
  18   2              for (y=0;y<113;y++); //delay 1ms
  19   2              }}
  20          #elif (FREQ_OSC ==4000000)
                      void delay_ms(unsigned int t)
                  {
                    unsigned int x,y;
                    for (x=0 ;x<t;x++)
                    {
                      for (y=0;y<106;y++); //delay 1ms
                      }}
                  #else
                      #error "khong co ham delay_ms nao tuong ung "
                #endif


MODULE INFORMATION:   STATIC OVERLAYABLE
   CODE SIZE        =     32    ----
   CONSTANT SIZE    =   ----    ----
   XDATA SIZE       =   ----    ----
   PDATA SIZE       =   ----    ----
   DATA SIZE        =   ----    ----
   IDATA SIZE       =   ----    ----
   BIT SIZE         =   ----    ----
   EDATA SIZE       =   ----    ----
   HDATA SIZE       =   ----    ----
   XDATA CONST SIZE =   ----    ----
   FAR CONST SIZE   =   ----    ----
END OF MODULE INFORMATION.


C51 COMPILATION COMPLETE.  0 WARNING(S),  0 ERROR(S)
