C51 COMPILER V9.60.0.0   MAIN                                                              04/23/2023 20:26:37 PAGE 1   


C51 COMPILER V9.60.0.0, COMPILATION OF MODULE MAIN
OBJECT MODULE PLACED IN .\Objects\main.obj
COMPILER INVOKED BY: C:\Keil_v5\C51\BIN\C51.EXE main.c OMF2 OPTIMIZE(8,SPEED) BROWSE DEBUG PRINT(.\Listings\main.lst) TA
                    -BS(2) OBJECT(.\Objects\main.obj)

line level    source

   1          #include "main.h"
   2          #include "..\library\uartmode1.h"
   3          #include "..\library\delay.h"
   4          void main()
   5          { 
   6   1        uart_init();
   7   1        
   8   1        while(1)
   9   1        {
  10   2            if (P1_0==0)
  11   2            {
  12   3              delay_ms(20);
  13   3              uart_write(0x01);
  14   3              while(P1_0==0);
  15   3            }
  16   2            
  17   2            if (P1_1==0)
  18   2            {
  19   3              delay_ms(20);
  20   3              uart_write(0x00);
  21   3              while(P1_1==0);
  22   3            }
  23   2        }
  24   1      }


MODULE INFORMATION:   STATIC OVERLAYABLE
   CODE SIZE        =     41    ----
   CONSTANT SIZE    =   ----    ----
   XDATA SIZE       =   ----    ----
   PDATA SIZE       =   ----    ----
   DATA SIZE        =   ----    ----
   IDATA SIZE       =   ----    ----
   BIT SIZE         =   ----    ----
   EDATA SIZE       =   ----    ----
   HDATA SIZE       =   ----    ----
   XDATA CONST SIZE =   ----    ----
   FAR CONST SIZE   =   ----    ----
END OF MODULE INFORMATION.


C51 COMPILATION COMPLETE.  0 WARNING(S),  0 ERROR(S)
