C51 COMPILER V9.60.0.0   MAIN                                                              04/16/2023 22:35:16 PAGE 1   


C51 COMPILER V9.60.0.0, COMPILATION OF MODULE MAIN
OBJECT MODULE PLACED IN .\Objects\main.obj
COMPILER INVOKED BY: C:\Keil_v5\C51\BIN\C51.EXE main.c OPTIMIZE(8,SPEED) BROWSE DEBUG OBJECTEXTEND PRINT(.\Listings\main
                    -.lst) TABS(2) OBJECT(.\Objects\main.obj)

line level    source

   1          #include "main.h"
   2          #include "..\library\delay.h"
   3          unsigned char code code7seg[]={0xC0,0xF9,0xA4,0xB0,0x99,0x92,0x82,0xF8,0x80,0x90};
   4          #define led P3
   5          sbit led1=P2^0;
   6          sbit led2=P2^1;
   7          void main(){
   8   1      while(1){
   9   2          led=code7seg[1];
  10   2        led1=0;
  11   2        delay_ms(1);
  12   2        led1=1;
  13   2        
  14   2        led=code7seg[2];
  15   2        led2=0;
  16   2        delay_ms(1);
  17   2        led2=1;
  18   2      }
  19   1      }


MODULE INFORMATION:   STATIC OVERLAYABLE
   CODE SIZE        =     38    ----
   CONSTANT SIZE    =     10    ----
   XDATA SIZE       =   ----    ----
   PDATA SIZE       =   ----    ----
   DATA SIZE        =   ----    ----
   IDATA SIZE       =   ----    ----
   BIT SIZE         =   ----    ----
END OF MODULE INFORMATION.


C51 COMPILATION COMPLETE.  0 WARNING(S),  0 ERROR(S)
