C51 COMPILER V9.60.0.0   MAIN                                                              04/14/2023 23:13:50 PAGE 1   


C51 COMPILER V9.60.0.0, COMPILATION OF MODULE MAIN
OBJECT MODULE PLACED IN .\Objects\main.obj
COMPILER INVOKED BY: C:\Keil_v5\C51\BIN\C51.EXE main.c OPTIMIZE(8,SPEED) BROWSE DEBUG OBJECTEXTEND PRINT(.\Listings\main
                    -.lst) TABS(2) OBJECT(.\Objects\main.obj)

line level    source

   1          #include "main.h"
   2          #include"..\library\delay.h"
   3          sbit BTN=P1^0;
   4          sbit RL=P2^0;
   5          void main(){
   6   1        RL=1;
   7   1      while(1){
   8   2      if(BTN==0){
   9   3          delay_ms(20);
  10   3        if(BTN==0)
  11   3        { 
  12   4          RL=!RL;
  13   4          while (BTN==0);
  14   4        }
  15   3      }
  16   2      }
  17   1      }


MODULE INFORMATION:   STATIC OVERLAYABLE
   CODE SIZE        =     22    ----
   CONSTANT SIZE    =   ----    ----
   XDATA SIZE       =   ----    ----
   PDATA SIZE       =   ----    ----
   DATA SIZE        =   ----    ----
   IDATA SIZE       =   ----    ----
   BIT SIZE         =   ----    ----
END OF MODULE INFORMATION.


C51 COMPILATION COMPLETE.  0 WARNING(S),  0 ERROR(S)
