C51 COMPILER V9.60.0.0   MAIN                                                              04/17/2023 20:03:05 PAGE 1   


C51 COMPILER V9.60.0.0, COMPILATION OF MODULE MAIN
OBJECT MODULE PLACED IN .\Objects\main.obj
COMPILER INVOKED BY: C:\Keil_v5\C51\BIN\C51.EXE main.c OPTIMIZE(8,SPEED) BROWSE DEBUG OBJECTEXTEND PRINT(.\Listings\main
                    -.lst) TABS(2) OBJECT(.\Objects\main.obj)

line level    source

   1          #include "main.h"
   2          #include "../library/delay.h"
   3          #define led P2
   4          unsigned char code code7seg[]={0xC0,0xF9,0xA4,0xB0,0x99,0x92,0x82,0xF8,0x80,0x90};
   5          sbit ledg1=P3^0;
   6          sbit ledg2=P3^1;
   7          sbit ledp1=P3^2;
   8          sbit ledp2=P3^3;
   9          sbit leds1=P3^4;
  10          sbit leds2=P3^5;
  11          void main(){
  12   1        unsigned char gio,phut,giay;
  13   1        unsigned char chuc,dvi;
  14   1        unsigned char i;
  15   1        gio=phut=giay=0;
  16   1      while(1){ 
  17   2        for (i=0;i<166;i++)
  18   2        {
  19   3        chuc=gio/10;
  20   3        dvi=gio%10;
  21   3        led=code7seg[chuc];
  22   3        ledg1=0;
  23   3        delay_ms(1);
  24   3        ledg1=1;
  25   3        
  26   3        led=code7seg[dvi];
  27   3        ledg2=0;
  28   3        delay_ms(1);
  29   3        ledg2=1;
  30   3        
  31   3        chuc=phut/10;
  32   3        dvi=phut%10;
  33   3        led=code7seg[chuc];
  34   3        ledp1=0;
  35   3        delay_ms(1);
  36   3        ledp1=1;
  37   3        
  38   3          led=code7seg[dvi];
  39   3        ledp2=0;
  40   3        delay_ms(1);
  41   3        ledp2=1;
  42   3        
  43   3        chuc=giay/10;
  44   3        dvi=giay%10;
  45   3        led=code7seg[chuc];
  46   3        leds1=0;
  47   3        delay_ms(1);
  48   3        leds1=1;
  49   3        
  50   3        led=code7seg[dvi];
  51   3        leds2=0;
  52   3        delay_ms(1);
  53   3        leds2=1;
  54   3      }
C51 COMPILER V9.60.0.0   MAIN                                                              04/17/2023 20:03:05 PAGE 2   

  55   2        giay++;
  56   2      if(giay==60)
  57   2        {
  58   3        giay=0;
  59   3        phut++;
  60   3            if(phut==60)
  61   3              {phut=0;
  62   4              gio++;
  63   4              if(gio==24)
  64   4                {   
  65   5                  gio=0;
  66   5                }
  67   4          
  68   4              }       }
  69   2              
  70   2        
  71   2        
  72   2      }
  73   1      }


MODULE INFORMATION:   STATIC OVERLAYABLE
   CODE SIZE        =    236    ----
   CONSTANT SIZE    =     10    ----
   XDATA SIZE       =   ----    ----
   PDATA SIZE       =   ----    ----
   DATA SIZE        =   ----       6
   IDATA SIZE       =   ----    ----
   BIT SIZE         =   ----    ----
END OF MODULE INFORMATION.


C51 COMPILATION COMPLETE.  0 WARNING(S),  0 ERROR(S)
