C51 COMPILER V9.60.0.0   MAIN                                                              04/28/2023 20:16:27 PAGE 1   


C51 COMPILER V9.60.0.0, COMPILATION OF MODULE MAIN
OBJECT MODULE PLACED IN .\Objects\main.obj
COMPILER INVOKED BY: C:\Keil_v5\C51\BIN\C51.EXE main.c OPTIMIZE(8,SPEED) BROWSE DEBUG OBJECTEXTEND PRINT(.\Listings\main
                    -.lst) TABS(2) OBJECT(.\Objects\main.obj)

line level    source

   1          #include "main.h"
   2          #include "..\library\delay.h"
   3          unsigned char code DACValue[]={127, 166, 202, 230, 248, 254, 248, 230, 202, 166, 127, 88, 52, 24, 6, 0 , 6
             -, 24, 52, 88};
   4          void main()
   5          { 
   6   1        unsigned char i;
   7   1        while(1)
   8   1        {
   9   2          for (i=0;i<20;i++)
  10   2          {
  11   3            P2=DACValue[i];
  12   3            delay_ms(1);
  13   3          }
  14   2            
  15   2        }
  16   1      }


MODULE INFORMATION:   STATIC OVERLAYABLE
   CODE SIZE        =     33    ----
   CONSTANT SIZE    =     20    ----
   XDATA SIZE       =   ----    ----
   PDATA SIZE       =   ----    ----
   DATA SIZE        =   ----       1
   IDATA SIZE       =   ----    ----
   BIT SIZE         =   ----    ----
END OF MODULE INFORMATION.


C51 COMPILATION COMPLETE.  0 WARNING(S),  0 ERROR(S)
